<?xml version="1.0" encoding="UTF-8"?>
<!-- Generated by org.testng.reporters.JUnitReportReporter -->
<testsuite hostname="INLEN8520043962" failures="0" tests="1" name="com.TestNG.AssertionExample" time="6.178" errors="0" timestamp="2022-08-11T20:39:10 IST" skipped="0">
  <testcase classname="com.TestNG.AssertionExample" name="TitleValidation" time="6.178"/>
  <system-out/>
</testsuite> <!-- com.TestNG.AssertionExample -->
